Traceback (most recent call last):
  File "/usr/local/lib/python3.5/dist-packages/can/interfaces/socketcan/socketcan.py", line 647, in _send_once
    sent = self.socket.send(data)
OSError: [Errno 105] No buffer space available

During handling of the above exception, another exception occurred:

Traceback (most recent call last):
  File "run_screw.py", line 115, in <module>
    main()
  File "run_screw.py", line 104, in main
    can_motors.speed_mode(actual_speed)
  File "run_screw.py", line 83, in speed_mode
    self.send(self.motor_id, [s_speed, times])
  File "run_screw.py", line 30, in send
    self.bus.send(msg, timeout=1)
  File "/usr/local/lib/python3.5/dist-packages/can/interfaces/socketcan/socketcan.py", line 626, in send
    sent = self._send_once(data, msg.channel)
  File "/usr/local/lib/python3.5/dist-packages/can/interfaces/socketcan/socketcan.py", line 649, in _send_once
    raise can.CanError("Failed to transmit: %s" % exc)
can.CanError: Failed to transmit: [Errno 105] No buffer space available
Traceback (most recent call last):
  File "/usr/local/lib/python3.5/dist-packages/can/interfaces/socketcan/socketcan.py", line 647, in _send_once
    sent = self.socket.send(data)
OSError: [Errno 105] No buffer space available

During handling of the above exception, another exception occurred:

Traceback (most recent call last):
  File "run_screw.py", line 115, in <module>
    main()
  File "run_screw.py", line 104, in main
    can_motors.speed_mode(actual_speed)
  File "run_screw.py", line 83, in speed_mode
    self.send(self.motor_id, [s_speed, times])
  File "run_screw.py", line 30, in send
    self.bus.send(msg, timeout=1)
  File "/usr/local/lib/python3.5/dist-packages/can/interfaces/socketcan/socketcan.py", line 626, in send
    sent = self._send_once(data, msg.channel)
  File "/usr/local/lib/python3.5/dist-packages/can/interfaces/socketcan/socketcan.py", line 649, in _send_once
    raise can.CanError("Failed to transmit: %s" % exc)
can.CanError: Failed to transmit: [Errno 105] No buffer space available
Traceback (most recent call last):
  File "/usr/local/lib/python3.5/dist-packages/can/interfaces/socketcan/socketcan.py", line 647, in _send_once
    sent = self.socket.send(data)
OSError: [Errno 105] No buffer space available

During handling of the above exception, another exception occurred:

Traceback (most recent call last):
  File "run_screw.py", line 115, in <module>
    main()
  File "run_screw.py", line 104, in main
    can_motors.speed_mode(actual_speed)
  File "run_screw.py", line 83, in speed_mode
    self.send(self.motor_id, [s_speed, times])
  File "run_screw.py", line 30, in send
    self.bus.send(msg, timeout=1)
  File "/usr/local/lib/python3.5/dist-packages/can/interfaces/socketcan/socketcan.py", line 626, in send
    sent = self._send_once(data, msg.channel)
  File "/usr/local/lib/python3.5/dist-packages/can/interfaces/socketcan/socketcan.py", line 649, in _send_once
    raise can.CanError("Failed to transmit: %s" % exc)
can.CanError: Failed to transmit: [Errno 105] No buffer space available
Traceback (most recent call last):
  File "/usr/local/lib/python3.5/dist-packages/can/interfaces/socketcan/socketcan.py", line 647, in _send_once
    sent = self.socket.send(data)
OSError: [Errno 105] No buffer space available

During handling of the above exception, another exception occurred:

Traceback (most recent call last):
  File "run_screw.py", line 115, in <module>
    main()
  File "run_screw.py", line 104, in main
    can_motors.speed_mode(actual_speed)
  File "run_screw.py", line 83, in speed_mode
    self.send(self.motor_id, [s_speed, times])
  File "run_screw.py", line 30, in send
    self.bus.send(msg, timeout=1)
  File "/usr/local/lib/python3.5/dist-packages/can/interfaces/socketcan/socketcan.py", line 626, in send
    sent = self._send_once(data, msg.channel)
  File "/usr/local/lib/python3.5/dist-packages/can/interfaces/socketcan/socketcan.py", line 649, in _send_once
    raise can.CanError("Failed to transmit: %s" % exc)
can.CanError: Failed to transmit: [Errno 105] No buffer space available
Traceback (most recent call last):
  File "/usr/local/lib/python3.5/dist-packages/can/interfaces/socketcan/socketcan.py", line 647, in _send_once
    sent = self.socket.send(data)
OSError: [Errno 105] No buffer space available

During handling of the above exception, another exception occurred:

Traceback (most recent call last):
  File "run_screw.py", line 115, in <module>
    main()
  File "run_screw.py", line 104, in main
    can_motors.speed_mode(actual_speed)
  File "run_screw.py", line 83, in speed_mode
    self.send(self.motor_id, [s_speed, times])
  File "run_screw.py", line 30, in send
    self.bus.send(msg, timeout=1)
  File "/usr/local/lib/python3.5/dist-packages/can/interfaces/socketcan/socketcan.py", line 626, in send
    sent = self._send_once(data, msg.channel)
  File "/usr/local/lib/python3.5/dist-packages/can/interfaces/socketcan/socketcan.py", line 649, in _send_once
    raise can.CanError("Failed to transmit: %s" % exc)
can.CanError: Failed to transmit: [Errno 105] No buffer space available
[60, 0]
> max n
[0, 0]
[60, 0]
> max n
> max n
> max n
[0, 0]
> max n
> max n
> max n
> max n
> max n
> max n
> max n
> max n
> max n
[60, 0]
> max n
> max n
> max n
> max n
> max n
[0, 0]
> max n
> max n
> max n
> max n
> max n
[196, 255]
[0, 0]
[60, 0]
> max n
> max n
> max n
[0, 0]
> max n
> max n
> max n
> max n
> max n
> max n
> max n
> max n
> max n
> max n
> max n
> max n
> max n
> max n
> max n
> max n
> max n
> max n
> max n
> max n
> max n
> max n
> max n
> max n
> max n
> max n
[196, 255]
[0, 0]
[152, 0]
> max n
> max n
> max n
> max n
[0, 0]
> max n
> max n
> max n
> max n
> max n
> max n
> max n
> max n
> max n
[104, 255]
[0, 0]
[48, 1]
> max n
[0, 0]
> max n
> max n
> max n
> max n
> max n
> max n
> max n
> max n
> max n
> max n
> max n
> max n
> max n
> max n
> max n
> max n
> max n
> max n
> max n
> max n
> max n
> max n
> max n
> max n
> max n
> max n
> max n
> max n
> max n
> max n
> max n
> max n
> max n
> max n
> max n
> max n
> max n
> max n
> max n
> max n
> max n
> max n
> max n
> max n
[48, 1]
> max n
[0, 0]
invalid literal for int() with base 16: '0x'
invalid literal for int() with base 16: '0x'
invalid literal for int() with base 16: '0x'
invalid literal for int() with base 16: '0x'
invalid literal for int() with base 16: '0x'
invalid literal for int() with base 16: '0x'
invalid literal for int() with base 16: '0x'
invalid literal for int() with base 16: '0x'
invalid literal for int() with base 16: '0x'
invalid literal for int() with base 16: '0x'
invalid literal for int() with base 16: '0x'
invalid literal for int() with base 16: '0x'
invalid literal for int() with base 16: '0x'
invalid literal for int() with base 16: '0x'
invalid literal for int() with base 16: '0x'
invalid literal for int() with base 16: '0x'
invalid literal for int() with base 16: '0x'
invalid literal for int() with base 16: '0x'
invalid literal for int() with base 16: '0x'
invalid literal for int() with base 16: '0x'
invalid literal for int() with base 16: '0x'
invalid literal for int() with base 16: '0x'
invalid literal for int() with base 16: '0x'
invalid literal for int() with base 16: '0x'
invalid literal for int() with base 16: '0x'
invalid literal for int() with base 16: '0x'
invalid literal for int() with base 16: '0x'
invalid literal for int() with base 16: '0x'
invalid literal for int() with base 16: '0x'
invalid literal for int() with base 16: '0x'
invalid literal for int() with base 16: '0x'
invalid literal for int() with base 16: '0x'
invalid literal for int() with base 16: '0x'
invalid literal for int() with base 16: '0x'
invalid literal for int() with base 16: '0x'
invalid literal for int() with base 16: '0x'
invalid literal for int() with base 16: '0x'
invalid literal for int() with base 16: '0x'
invalid literal for int() with base 16: '0x'
invalid literal for int() with base 16: '0x'
invalid literal for int() with base 16: '0x'
invalid literal for int() with base 16: '0x'
invalid literal for int() with base 16: '0x'
invalid literal for int() with base 16: '0x'
invalid literal for int() with base 16: '0x'
invalid literal for int() with base 16: '0x'
invalid literal for int() with base 16: '0x'
invalid literal for int() with base 16: '0x'
invalid literal for int() with base 16: '0x'
invalid literal for int() with base 16: '0x'
invalid literal for int() with base 16: '0x'
invalid literal for int() with base 16: '0x'
invalid literal for int() with base 16: '0x'
invalid literal for int() with base 16: '0x'
invalid literal for int() with base 16: '0x'
invalid literal for int() with base 16: '0x'
invalid literal for int() with base 16: '0x'
invalid literal for int() with base 16: '0x'
invalid literal for int() with base 16: '0x'
invalid literal for int() with base 16: '0x'
invalid literal for int() with base 16: '0x'
invalid literal for int() with base 16: '0x'
invalid literal for int() with base 16: '0x'
invalid literal for int() with base 16: '0x'
invalid literal for int() with base 16: '0x'
invalid literal for int() with base 16: '0x'
invalid literal for int() with base 16: '0x'
invalid literal for int() with base 16: '0x'
invalid literal for int() with base 16: '0x'
invalid literal for int() with base 16: '0x'
invalid literal for int() with base 16: '0x'
invalid literal for int() with base 16: '0x'
invalid literal for int() with base 16: '0x'
invalid literal for int() with base 16: '0x'
invalid literal for int() with base 16: '0x'
invalid literal for int() with base 16: '0x'
invalid literal for int() with base 16: '0x'
invalid literal for int() with base 16: '0x'
invalid literal for int() with base 16: '0x'
invalid literal for int() with base 16: '0x'
invalid literal for int() with base 16: '0x'
invalid literal for int() with base 16: '0x'
invalid literal for int() with base 16: '0x'
invalid literal for int() with base 16: '0x'
invalid literal for int() with base 16: '0x'
invalid literal for int() with base 16: '0x'
invalid literal for int() with base 16: '0x'
invalid literal for int() with base 16: '0x'
invalid literal for int() with base 16: '0x'
invalid literal for int() with base 16: '0x'
invalid literal for int() with base 16: '0x'
invalid literal for int() with base 16: '0x'
invalid literal for int() with base 16: '0x'
invalid literal for int() with base 16: '0x'
invalid literal for int() with base 16: '0x'
invalid literal for int() with base 16: '0x'
invalid literal for int() with base 16: '0x'
invalid literal for int() with base 16: '0x'
invalid literal for int() with base 16: '0x'
invalid literal for int() with base 16: '0x'
invalid literal for int() with base 16: '0x'
invalid literal for int() with base 16: '0x'
invalid literal for int() with base 16: '0x'
invalid literal for int() with base 16: '0x'
invalid literal for int() with base 16: '0x'
invalid literal for int() with base 16: '0x'
invalid literal for int() with base 16: '0x'
invalid literal for int() with base 16: '0x'
invalid literal for int() with base 16: '0x'
invalid literal for int() with base 16: '0x'
invalid literal for int() with base 16: '0x'
invalid literal for int() with base 16: '0x'
invalid literal for int() with base 16: '0x'
invalid literal for int() with base 16: '0x'
invalid literal for int() with base 16: '0x'
invalid literal for int() with base 16: '0x'
invalid literal for int() with base 16: '0x'
invalid literal for int() with base 16: '0x'
invalid literal for int() with base 16: '0x'
invalid literal for int() with base 16: '0x'
invalid literal for int() with base 16: '0x'
invalid literal for int() with base 16: '0x'
invalid literal for int() with base 16: '0x'
invalid literal for int() with base 16: '0x'
invalid literal for int() with base 16: '0x'
invalid literal for int() with base 16: '0x'
invalid literal for int() with base 16: '0x'
invalid literal for int() with base 16: '0x'
invalid literal for int() with base 16: '0x'
invalid literal for int() with base 16: '0x'
invalid literal for int() with base 16: '0x'
invalid literal for int() with base 16: '0x'
invalid literal for int() with base 16: '0x'
invalid literal for int() with base 16: '0x'
invalid literal for int() with base 16: '0x'
invalid literal for int() with base 16: '0x'
invalid literal for int() with base 16: '0x'
invalid literal for int() with base 16: '0x'
invalid literal for int() with base 16: '0x'
invalid literal for int() with base 16: '0x'
invalid literal for int() with base 16: '0x'
invalid literal for int() with base 16: '0x'
invalid literal for int() with base 16: '0x'
invalid literal for int() with base 16: '0x'
invalid literal for int() with base 16: '0x'
invalid literal for int() with base 16: '0x'
invalid literal for int() with base 16: '0x'
invalid literal for int() with base 16: '0x'
invalid literal for int() with base 16: '0x'
invalid literal for int() with base 16: '0x'
invalid literal for int() with base 16: '0x'
invalid literal for int() with base 16: '0x'
invalid literal for int() with base 16: '0x'
invalid literal for int() with base 16: '0x'
invalid literal for int() with base 16: '0x'
invalid literal for int() with base 16: '0x'
invalid literal for int() with base 16: '0x'
invalid literal for int() with base 16: '0x'
invalid literal for int() with base 16: '0x'
invalid literal for int() with base 16: '0x'
invalid literal for int() with base 16: '0x'
invalid literal for int() with base 16: '0x'
invalid literal for int() with base 16: '0x'
invalid literal for int() with base 16: '0x'
invalid literal for int() with base 16: '0x'
invalid literal for int() with base 16: '0x'
invalid literal for int() with base 16: '0x'
invalid literal for int() with base 16: '0x'
invalid literal for int() with base 16: '0x'
invalid literal for int() with base 16: '0x'
invalid literal for int() with base 16: '0x'
invalid literal for int() with base 16: '0x'
invalid literal for int() with base 16: '0x'
invalid literal for int() with base 16: '0x'
invalid literal for int() with base 16: '0x'
invalid literal for int() with base 16: '0x'
invalid literal for int() with base 16: '0x'
invalid literal for int() with base 16: '0x'
invalid literal for int() with base 16: '0x'
invalid literal for int() with base 16: '0x'
invalid literal for int() with base 16: '0x'
invalid literal for int() with base 16: '0x'
invalid literal for int() with base 16: '0x'
invalid literal for int() with base 16: '0x'
invalid literal for int() with base 16: '0x'
invalid literal for int() with base 16: '0x'
invalid literal for int() with base 16: '0x'
invalid literal for int() with base 16: '0x'
invalid literal for int() with base 16: '0x'
invalid literal for int() with base 16: '0x'
invalid literal for int() with base 16: '0x'
invalid literal for int() with base 16: '0x'
invalid literal for int() with base 16: '0x'
invalid literal for int() with base 16: '0x'
invalid literal for int() with base 16: '0x'
invalid literal for int() with base 16: '0x'
invalid literal for int() with base 16: '0x'
invalid literal for int() with base 16: '0x'
invalid literal for int() with base 16: '0x'
invalid literal for int() with base 16: '0x'
invalid literal for int() with base 16: '0x'
invalid literal for int() with base 16: '0x'
invalid literal for int() with base 16: '0x'
invalid literal for int() with base 16: '0x'
invalid literal for int() with base 16: '0x'
invalid literal for int() with base 16: '0x'
invalid literal for int() with base 16: '0x'
invalid literal for int() with base 16: '0x'
invalid literal for int() with base 16: '0x'
invalid literal for int() with base 16: '0x'
invalid literal for int() with base 16: '0x'
invalid literal for int() with base 16: '0x'
invalid literal for int() with base 16: '0x'
invalid literal for int() with base 16: '0x'
invalid literal for int() with base 16: '0x'
invalid literal for int() with base 16: '0x'
invalid literal for int() with base 16: '0x'
invalid literal for int() with base 16: '0x'
invalid literal for int() with base 16: '0x'
invalid literal for int() with base 16: '0x'
invalid literal for int() with base 16: '0x'
invalid literal for int() with base 16: '0x'
invalid literal for int() with base 16: '0x'
invalid literal for int() with base 16: '0x'
invalid literal for int() with base 16: '0x'
invalid literal for int() with base 16: '0x'
invalid literal for int() with base 16: '0x'
invalid literal for int() with base 16: '0x'
invalid literal for int() with base 16: '0x'
invalid literal for int() with base 16: '0x'
invalid literal for int() with base 16: '0x'
invalid literal for int() with base 16: '0x'
invalid literal for int() with base 16: '0x'
invalid literal for int() with base 16: '0x'
invalid literal for int() with base 16: '0x'
invalid literal for int() with base 16: '0x'
invalid literal for int() with base 16: '0x'
invalid literal for int() with base 16: '0x'
invalid literal for int() with base 16: '0x'
invalid literal for int() with base 16: '0x'
invalid literal for int() with base 16: '0x'
invalid literal for int() with base 16: '0x'
invalid literal for int() with base 16: '0x'
invalid literal for int() with base 16: '0x'
invalid literal for int() with base 16: '0x'
invalid literal for int() with base 16: '0x'
invalid literal for int() with base 16: '0x'
invalid literal for int() with base 16: '0x'
invalid literal for int() with base 16: '0x'
invalid literal for int() with base 16: '0x'
invalid literal for int() with base 16: '0x'
invalid literal for int() with base 16: '0x'
invalid literal for int() with base 16: '0x'
invalid literal for int() with base 16: '0x'
invalid literal for int() with base 16: '0x'
invalid literal for int() with base 16: '0x'
invalid literal for int() with base 16: '0x'
invalid literal for int() with base 16: '0x'
invalid literal for int() with base 16: '0x'
invalid literal for int() with base 16: '0x'
invalid literal for int() with base 16: '0x'
invalid literal for int() with base 16: '0x'
invalid literal for int() with base 16: '0x'
invalid literal for int() with base 16: '0x'
invalid literal for int() with base 16: '0x'
invalid literal for int() with base 16: '0x'
invalid literal for int() with base 16: '0x'
invalid literal for int() with base 16: '0x'
invalid literal for int() with base 16: '0x'
invalid literal for int() with base 16: '0x'
invalid literal for int() with base 16: '0x'
invalid literal for int() with base 16: '0x'
invalid literal for int() with base 16: '0x'
invalid literal for int() with base 16: '0x'
invalid literal for int() with base 16: '0x'
invalid literal for int() with base 16: '0x'
invalid literal for int() with base 16: '0x'
invalid literal for int() with base 16: '0x'
invalid literal for int() with base 16: '0x'
invalid literal for int() with base 16: '0x'
invalid literal for int() with base 16: '0x'
invalid literal for int() with base 16: '0x'
invalid literal for int() with base 16: '0x'
invalid literal for int() with base 16: '0x'
invalid literal for int() with base 16: '0x'
invalid literal for int() with base 16: '0x'
invalid literal for int() with base 16: '0x'
invalid literal for int() with base 16: '0x'
invalid literal for int() with base 16: '0x'
invalid literal for int() with base 16: '0x'
invalid literal for int() with base 16: '0x'
invalid literal for int() with base 16: '0x'
invalid literal for int() with base 16: '0x'
invalid literal for int() with base 16: '0x'
invalid literal for int() with base 16: '0x'
invalid literal for int() with base 16: '0x'
invalid literal for int() with base 16: '0x'
invalid literal for int() with base 16: '0x'
invalid literal for int() with base 16: '0x'
invalid literal for int() with base 16: '0x'
invalid literal for int() with base 16: '0x'
invalid literal for int() with base 16: '0x'
invalid literal for int() with base 16: '0x'
invalid literal for int() with base 16: '0x'
invalid literal for int() with base 16: '0x'
invalid literal for int() with base 16: '0x'
invalid literal for int() with base 16: '0x'
invalid literal for int() with base 16: '0x'
invalid literal for int() with base 16: '0x'
invalid literal for int() with base 16: '0x'
invalid literal for int() with base 16: '0x'
invalid literal for int() with base 16: '0x'
invalid literal for int() with base 16: '0x'
invalid literal for int() with base 16: '0x'
invalid literal for int() with base 16: '0x'
invalid literal for int() with base 16: '0x'
invalid literal for int() with base 16: '0x'
invalid literal for int() with base 16: '0x'
invalid literal for int() with base 16: '0x'
invalid literal for int() with base 16: '0x'
invalid literal for int() with base 16: '0x'
invalid literal for int() with base 16: '0x'
invalid literal for int() with base 16: '0x'
invalid literal for int() with base 16: '0x'
invalid literal for int() with base 16: '0x'
invalid literal for int() with base 16: '0x'
invalid literal for int() with base 16: '0x'
invalid literal for int() with base 16: '0x'
invalid literal for int() with base 16: '0x'
invalid literal for int() with base 16: '0x'
invalid literal for int() with base 16: '0x'
invalid literal for int() with base 16: '0x'
invalid literal for int() with base 16: '0x'
invalid literal for int() with base 16: '0x'
invalid literal for int() with base 16: '0x'
invalid literal for int() with base 16: '0x'
invalid literal for int() with base 16: '0x'
invalid literal for int() with base 16: '0x'
invalid literal for int() with base 16: '0x'
invalid literal for int() with base 16: '0x'
invalid literal for int() with base 16: '0x'
invalid literal for int() with base 16: '0x'
invalid literal for int() with base 16: '0x'
invalid literal for int() with base 16: '0x'
invalid literal for int() with base 16: '0x'
invalid literal for int() with base 16: '0x'
invalid literal for int() with base 16: '0x'
invalid literal for int() with base 16: '0x'
invalid literal for int() with base 16: '0x'
invalid literal for int() with base 16: '0x'
invalid literal for int() with base 16: '0x'
invalid literal for int() with base 16: '0x'
invalid literal for int() with base 16: '0x'
invalid literal for int() with base 16: '0x'
invalid literal for int() with base 16: '0x'
invalid literal for int() with base 16: '0x'
invalid literal for int() with base 16: '0x'
invalid literal for int() with base 16: '0x'
invalid literal for int() with base 16: '0x'
invalid literal for int() with base 16: '0x'
invalid literal for int() with base 16: '0x'
invalid literal for int() with base 16: '0x'
invalid literal for int() with base 16: '0x'
invalid literal for int() with base 16: '0x'
invalid literal for int() with base 16: '0x'
invalid literal for int() with base 16: '0x'
invalid literal for int() with base 16: '0x'
invalid literal for int() with base 16: '0x'
invalid literal for int() with base 16: '0x'
invalid literal for int() with base 16: '0x'
invalid literal for int() with base 16: '0x'
invalid literal for int() with base 16: '0x'
invalid literal for int() with base 16: '0x'
invalid literal for int() with base 16: '0x'
invalid literal for int() with base 16: '0x'
invalid literal for int() with base 16: '0x'
invalid literal for int() with base 16: '0x'
invalid literal for int() with base 16: '0x'
invalid literal for int() with base 16: '0x'
invalid literal for int() with base 16: '0x'
invalid literal for int() with base 16: '0x'
invalid literal for int() with base 16: '0x'
invalid literal for int() with base 16: '0x'
invalid literal for int() with base 16: '0x'
invalid literal for int() with base 16: '0x'
invalid literal for int() with base 16: '0x'
invalid literal for int() with base 16: '0x'
invalid literal for int() with base 16: '0x'
invalid literal for int() with base 16: '0x'
invalid literal for int() with base 16: '0x'
invalid literal for int() with base 16: '0x'
invalid literal for int() with base 16: '0x'
invalid literal for int() with base 16: '0x'
invalid literal for int() with base 16: '0x'
invalid literal for int() with base 16: '0x'
invalid literal for int() with base 16: '0x'
invalid literal for int() with base 16: '0x'
invalid literal for int() with base 16: '0x'
invalid literal for int() with base 16: '0x'
invalid literal for int() with base 16: '0x'
invalid literal for int() with base 16: '0x'
invalid literal for int() with base 16: '0x'
invalid literal for int() with base 16: '0x'
invalid literal for int() with base 16: '0x'
invalid literal for int() with base 16: '0x'
invalid literal for int() with base 16: '0x'
invalid literal for int() with base 16: '0x'
invalid literal for int() with base 16: '0x'
invalid literal for int() with base 16: '0x'
invalid literal for int() with base 16: '0x'
invalid literal for int() with base 16: '0x'
invalid literal for int() with base 16: '0x'
invalid literal for int() with base 16: '0x'
invalid literal for int() with base 16: '0x'
invalid literal for int() with base 16: '0x'
invalid literal for int() with base 16: '0x'
invalid literal for int() with base 16: '0x'
invalid literal for int() with base 16: '0x'
invalid literal for int() with base 16: '0x'
invalid literal for int() with base 16: '0x'
invalid literal for int() with base 16: '0x'
invalid literal for int() with base 16: '0x'
invalid literal for int() with base 16: '0x'
invalid literal for int() with base 16: '0x'
invalid literal for int() with base 16: '0x'
invalid literal for int() with base 16: '0x'
invalid literal for int() with base 16: '0x'
invalid literal for int() with base 16: '0x'
invalid literal for int() with base 16: '0x'
invalid literal for int() with base 16: '0x'
invalid literal for int() with base 16: '0x'
invalid literal for int() with base 16: '0x'
invalid literal for int() with base 16: '0x'
invalid literal for int() with base 16: '0x'
invalid literal for int() with base 16: '0x'
invalid literal for int() with base 16: '0x'
invalid literal for int() with base 16: '0x'
invalid literal for int() with base 16: '0x'
invalid literal for int() with base 16: '0x'
invalid literal for int() with base 16: '0x'
invalid literal for int() with base 16: '0x'
invalid literal for int() with base 16: '0x'
invalid literal for int() with base 16: '0x'
invalid literal for int() with base 16: '0x'
invalid literal for int() with base 16: '0x'
invalid literal for int() with base 16: '0x'
invalid literal for int() with base 16: '0x'
invalid literal for int() with base 16: '0x'
invalid literal for int() with base 16: '0x'
invalid literal for int() with base 16: '0x'
invalid literal for int() with base 16: '0x'
invalid literal for int() with base 16: '0x'
invalid literal for int() with base 16: '0x'
invalid literal for int() with base 16: '0x'
invalid literal for int() with base 16: '0x'
invalid literal for int() with base 16: '0x'
invalid literal for int() with base 16: '0x'
invalid literal for int() with base 16: '0x'
invalid literal for int() with base 16: '0x'
invalid literal for int() with base 16: '0x'
invalid literal for int() with base 16: '0x'
invalid literal for int() with base 16: '0x'
invalid literal for int() with base 16: '0x'
invalid literal for int() with base 16: '0x'
invalid literal for int() with base 16: '0x'
invalid literal for int() with base 16: '0x'
invalid literal for int() with base 16: '0x'
invalid literal for int() with base 16: '0x'
invalid literal for int() with base 16: '0x'
invalid literal for int() with base 16: '0x'
invalid literal for int() with base 16: '0x'
invalid literal for int() with base 16: '0x'
invalid literal for int() with base 16: '0x'
invalid literal for int() with base 16: '0x'
invalid literal for int() with base 16: '0x'
invalid literal for int() with base 16: '0x'
invalid literal for int() with base 16: '0x'
invalid literal for int() with base 16: '0x'
invalid literal for int() with base 16: '0x'
invalid literal for int() with base 16: '0x'
invalid literal for int() with base 16: '0x'
invalid literal for int() with base 16: '0x'
invalid literal for int() with base 16: '0x'
invalid literal for int() with base 16: '0x'
invalid literal for int() with base 16: '0x'
invalid literal for int() with base 16: '0x'
invalid literal for int() with base 16: '0x'
invalid literal for int() with base 16: '0x'
invalid literal for int() with base 16: '0x'
invalid literal for int() with base 16: '0x'
invalid literal for int() with base 16: '0x'
invalid literal for int() with base 16: '0x'
invalid literal for int() with base 16: '0x'
invalid literal for int() with base 16: '0x'
invalid literal for int() with base 16: '0x'
invalid literal for int() with base 16: '0x'
invalid literal for int() with base 16: '0x'
invalid literal for int() with base 16: '0x'
invalid literal for int() with base 16: '0x'
invalid literal for int() with base 16: '0x'
invalid literal for int() with base 16: '0x'
invalid literal for int() with base 16: '0x'
invalid literal for int() with base 16: '0x'
invalid literal for int() with base 16: '0x'
invalid literal for int() with base 16: '0x'
invalid literal for int() with base 16: '0x'
invalid literal for int() with base 16: '0x'
invalid literal for int() with base 16: '0x'
invalid literal for int() with base 16: '0x'
invalid literal for int() with base 16: '0x'
invalid literal for int() with base 16: '0x'
invalid literal for int() with base 16: '0x'
invalid literal for int() with base 16: '0x'
invalid literal for int() with base 16: '0x'
invalid literal for int() with base 16: '0x'
invalid literal for int() with base 16: '0x'
invalid literal for int() with base 16: '0x'
invalid literal for int() with base 16: '0x'
invalid literal for int() with base 16: '0x'
invalid literal for int() with base 16: '0x'
invalid literal for int() with base 16: '0x'
invalid literal for int() with base 16: '0x'
invalid literal for int() with base 16: '0x'
invalid literal for int() with base 16: '0x'
invalid literal for int() with base 16: '0x'
invalid literal for int() with base 16: '0x'
invalid literal for int() with base 16: '0x'
invalid literal for int() with base 16: '0x'
invalid literal for int() with base 16: '0x'
invalid literal for int() with base 16: '0x'
invalid literal for int() with base 16: '0x'
invalid literal for int() with base 16: '0x'
invalid literal for int() with base 16: '0x'
invalid literal for int() with base 16: '0x'
invalid literal for int() with base 16: '0x'
invalid literal for int() with base 16: '0x'
invalid literal for int() with base 16: '0x'
invalid literal for int() with base 16: '0x'
invalid literal for int() with base 16: '0x'
invalid literal for int() with base 16: '0x'
invalid literal for int() with base 16: '0x'
invalid literal for int() with base 16: '0x'
invalid literal for int() with base 16: '0x'
invalid literal for int() with base 16: '0x'
invalid literal for int() with base 16: '0x'
invalid literal for int() with base 16: '0x'
invalid literal for int() with base 16: '0x'
invalid literal for int() with base 16: '0x'
invalid literal for int() with base 16: '0x'
invalid literal for int() with base 16: '0x'
invalid literal for int() with base 16: '0x'
invalid literal for int() with base 16: '0x'
invalid literal for int() with base 16: '0x'
invalid literal for int() with base 16: '0x'
invalid literal for int() with base 16: '0x'
invalid literal for int() with base 16: '0x'
invalid literal for int() with base 16: '0x'
invalid literal for int() with base 16: '0x'
invalid literal for int() with base 16: '0x'
invalid literal for int() with base 16: '0x'
invalid literal for int() with base 16: '0x'
invalid literal for int() with base 16: '0x'
invalid literal for int() with base 16: '0x'
invalid literal for int() with base 16: '0x'
invalid literal for int() with base 16: '0x'
invalid literal for int() with base 16: '0x'
invalid literal for int() with base 16: '0x'
invalid literal for int() with base 16: '0x'
invalid literal for int() with base 16: '0x'
invalid literal for int() with base 16: '0x'
invalid literal for int() with base 16: '0x'
invalid literal for int() with base 16: '0x'
invalid literal for int() with base 16: '0x'
invalid literal for int() with base 16: '0x'
invalid literal for int() with base 16: '0x'
invalid literal for int() with base 16: '0x'
invalid literal for int() with base 16: '0x'
invalid literal for int() with base 16: '0x'
invalid literal for int() with base 16: '0x'
invalid literal for int() with base 16: '0x'
invalid literal for int() with base 16: '0x'
invalid literal for int() with base 16: '0x'
invalid literal for int() with base 16: '0x'
invalid literal for int() with base 16: '0x'
invalid literal for int() with base 16: '0x'
invalid literal for int() with base 16: '0x'
invalid literal for int() with base 16: '0x'
invalid literal for int() with base 16: '0x'
invalid literal for int() with base 16: '0x'
invalid literal for int() with base 16: '0x'
invalid literal for int() with base 16: '0x'
invalid literal for int() with base 16: '0x'
invalid literal for int() with base 16: '0x'
invalid literal for int() with base 16: '0x'
invalid literal for int() with base 16: '0x'
invalid literal for int() with base 16: '0x'
invalid literal for int() with base 16: '0x'
invalid literal for int() with base 16: '0x'
invalid literal for int() with base 16: '0x'
invalid literal for int() with base 16: '0x'
invalid literal for int() with base 16: '0x'
invalid literal for int() with base 16: '0x'
invalid literal for int() with base 16: '0x'
invalid literal for int() with base 16: '0x'
invalid literal for int() with base 16: '0x'
invalid literal for int() with base 16: '0x'
invalid literal for int() with base 16: '0x'
invalid literal for int() with base 16: '0x'
invalid literal for int() with base 16: '0x'
invalid literal for int() with base 16: '0x'
invalid literal for int() with base 16: '0x'
invalid literal for int() with base 16: '0x'
invalid literal for int() with base 16: '0x'
invalid literal for int() with base 16: '0x'
invalid literal for int() with base 16: '0x'
invalid literal for int() with base 16: '0x'
invalid literal for int() with base 16: '0x'
invalid literal for int() with base 16: '0x'
invalid literal for int() with base 16: '0x'
invalid literal for int() with base 16: '0x'
invalid literal for int() with base 16: '0x'
invalid literal for int() with base 16: '0x'
invalid literal for int() with base 16: '0x'
invalid literal for int() with base 16: '0x'
invalid literal for int() with base 16: '0x'
invalid literal for int() with base 16: '0x'
invalid literal for int() with base 16: '0x'
invalid literal for int() with base 16: '0x'
invalid literal for int() with base 16: '0x'
invalid literal for int() with base 16: '0x'
invalid literal for int() with base 16: '0x'
invalid literal for int() with base 16: '0x'
invalid literal for int() with base 16: '0x'
invalid literal for int() with base 16: '0x'
invalid literal for int() with base 16: '0x'
invalid literal for int() with base 16: '0x'
invalid literal for int() with base 16: '0x'
invalid literal for int() with base 16: '0x'
invalid literal for int() with base 16: '0x'
invalid literal for int() with base 16: '0x'
invalid literal for int() with base 16: '0x'
invalid literal for int() with base 16: '0x'
invalid literal for int() with base 16: '0x'
invalid literal for int() with base 16: '0x'
invalid literal for int() with base 16: '0x'
invalid literal for int() with base 16: '0x'
invalid literal for int() with base 16: '0x'
invalid literal for int() with base 16: '0x'
invalid literal for int() with base 16: '0x'
invalid literal for int() with base 16: '0x'
invalid literal for int() with base 16: '0x'
invalid literal for int() with base 16: '0x'
invalid literal for int() with base 16: '0x'
invalid literal for int() with base 16: '0x'
invalid literal for int() with base 16: '0x'
invalid literal for int() with base 16: '0x'
invalid literal for int() with base 16: '0x'
invalid literal for int() with base 16: '0x'
invalid literal for int() with base 16: '0x'
invalid literal for int() with base 16: '0x'
invalid literal for int() with base 16: '0x'
invalid literal for int() with base 16: '0x'
invalid literal for int() with base 16: '0x'
invalid literal for int() with base 16: '0x'
invalid literal for int() with base 16: '0x'
invalid literal for int() with base 16: '0x'
invalid literal for int() with base 16: '0x'
invalid literal for int() with base 16: '0x'
invalid literal for int() with base 16: '0x'
invalid literal for int() with base 16: '0x'
invalid literal for int() with base 16: '0x'
invalid literal for int() with base 16: '0x'
invalid literal for int() with base 16: '0x'
invalid literal for int() with base 16: '0x'
invalid literal for int() with base 16: '0x'
invalid literal for int() with base 16: '0x'
invalid literal for int() with base 16: '0x'
invalid literal for int() with base 16: '0x'
invalid literal for int() with base 16: '0x'
invalid literal for int() with base 16: '0x'
invalid literal for int() with base 16: '0x'
invalid literal for int() with base 16: '0x'
invalid literal for int() with base 16: '0x'
invalid literal for int() with base 16: '0x'
invalid literal for int() with base 16: '0x'
invalid literal for int() with base 16: '0x'
invalid literal for int() with base 16: '0x'
invalid literal for int() with base 16: '0x'
invalid literal for int() with base 16: '0x'
invalid literal for int() with base 16: '0x'
invalid literal for int() with base 16: '0x'
invalid literal for int() with base 16: '0x'
invalid literal for int() with base 16: '0x'
invalid literal for int() with base 16: '0x'
invalid literal for int() with base 16: '0x'
invalid literal for int() with base 16: '0x'
invalid literal for int() with base 16: '0x'
invalid literal for int() with base 16: '0x'
invalid literal for int() with base 16: '0x'
invalid literal for int() with base 16: '0x'
invalid literal for int() with base 16: '0x'
invalid literal for int() with base 16: '0x'
invalid literal for int() with base 16: '0x'
invalid literal for int() with base 16: '0x'
invalid literal for int() with base 16: '0x'
invalid literal for int() with base 16: '0x'
invalid literal for int() with base 16: '0x'
invalid literal for int() with base 16: '0x'
invalid literal for int() with base 16: '0x'
invalid literal for int() with base 16: '0x'
invalid literal for int() with base 16: '0x'
invalid literal for int() with base 16: '0x'
invalid literal for int() with base 16: '0x'
invalid literal for int() with base 16: '0x'
invalid literal for int() with base 16: '0x'
invalid literal for int() with base 16: '0x'
invalid literal for int() with base 16: '0x'
invalid literal for int() with base 16: '0x'
invalid literal for int() with base 16: '0x'
invalid literal for int() with base 16: '0x'
invalid literal for int() with base 16: '0x'
invalid literal for int() with base 16: '0x'
invalid literal for int() with base 16: '0x'
invalid literal for int() with base 16: '0x'
invalid literal for int() with base 16: '0x'
invalid literal for int() with base 16: '0x'
invalid literal for int() with base 16: '0x'
invalid literal for int() with base 16: '0x'
invalid literal for int() with base 16: '0x'
invalid literal for int() with base 16: '0x'
invalid literal for int() with base 16: '0x'
invalid literal for int() with base 16: '0x'
invalid literal for int() with base 16: '0x'
invalid literal for int() with base 16: '0x'
invalid literal for int() with base 16: '0x'
invalid literal for int() with base 16: '0x'
invalid literal for int() with base 16: '0x'
invalid literal for int() with base 16: '0x'
invalid literal for int() with base 16: '0x'
invalid literal for int() with base 16: '0x'
invalid literal for int() with base 16: '0x'
invalid literal for int() with base 16: '0x'
invalid literal for int() with base 16: '0x'
invalid literal for int() with base 16: '0x'
invalid literal for int() with base 16: '0x'
invalid literal for int() with base 16: '0x'
invalid literal for int() with base 16: '0x'
invalid literal for int() with base 16: '0x'
invalid literal for int() with base 16: '0x'
invalid literal for int() with base 16: '0x'
invalid literal for int() with base 16: '0x'
invalid literal for int() with base 16: '0x'
invalid literal for int() with base 16: '0x'
invalid literal for int() with base 16: '0x'
invalid literal for int() with base 16: '0x'
invalid literal for int() with base 16: '0x'
invalid literal for int() with base 16: '0x'
invalid literal for int() with base 16: '0x'
invalid literal for int() with base 16: '0x'
invalid literal for int() with base 16: '0x'
invalid literal for int() with base 16: '0x'
invalid literal for int() with base 16: '0x'
invalid literal for int() with base 16: '0x'
invalid literal for int() with base 16: '0x'
invalid literal for int() with base 16: '0x'
invalid literal for int() with base 16: '0x'
invalid literal for int() with base 16: '0x'
invalid literal for int() with base 16: '0x'
invalid literal for int() with base 16: '0x'
invalid literal for int() with base 16: '0x'
invalid literal for int() with base 16: '0x'
invalid literal for int() with base 16: '0x'
invalid literal for int() with base 16: '0x'
invalid literal for int() with base 16: '0x'
invalid literal for int() with base 16: '0x'
invalid literal for int() with base 16: '0x'
invalid literal for int() with base 16: '0x'
invalid literal for int() with base 16: '0x'
invalid literal for int() with base 16: '0x'
invalid literal for int() with base 16: '0x'
invalid literal for int() with base 16: '0x'
invalid literal for int() with base 16: '0x'
invalid literal for int() with base 16: '0x'
invalid literal for int() with base 16: '0x'
invalid literal for int() with base 16: '0x'
invalid literal for int() with base 16: '0x'
invalid literal for int() with base 16: '0x'
invalid literal for int() with base 16: '0x'
invalid literal for int() with base 16: '0x'
invalid literal for int() with base 16: '0x'
invalid literal for int() with base 16: '0x'
invalid literal for int() with base 16: '0x'
invalid literal for int() with base 16: '0x'
invalid literal for int() with base 16: '0x'
invalid literal for int() with base 16: '0x'
invalid literal for int() with base 16: '0x'
invalid literal for int() with base 16: '0x'
invalid literal for int() with base 16: '0x'
invalid literal for int() with base 16: '0x'
invalid literal for int() with base 16: '0x'
invalid literal for int() with base 16: '0x'
invalid literal for int() with base 16: '0x'
invalid literal for int() with base 16: '0x'
invalid literal for int() with base 16: '0x'
invalid literal for int() with base 16: '0x'
invalid literal for int() with base 16: '0x'
invalid literal for int() with base 16: '0x'
invalid literal for int() with base 16: '0x'
invalid literal for int() with base 16: '0x'
invalid literal for int() with base 16: '0x'
invalid literal for int() with base 16: '0x'
invalid literal for int() with base 16: '0x'
invalid literal for int() with base 16: '0x'
invalid literal for int() with base 16: '0x'
invalid literal for int() with base 16: '0x'
invalid literal for int() with base 16: '0x'
invalid literal for int() with base 16: '0x'
invalid literal for int() with base 16: '0x'
invalid literal for int() with base 16: '0x'
invalid literal for int() with base 16: '0x'
invalid literal for int() with base 16: '0x'
invalid literal for int() with base 16: '0x'
invalid literal for int() with base 16: '0x'
invalid literal for int() with base 16: '0x'
invalid literal for int() with base 16: '0x'
invalid literal for int() with base 16: '0x'
invalid literal for int() with base 16: '0x'
invalid literal for int() with base 16: '0x'
invalid literal for int() with base 16: '0x'
invalid literal for int() with base 16: '0x'
invalid literal for int() with base 16: '0x'
invalid literal for int() with base 16: '0x'
invalid literal for int() with base 16: '0x'
invalid literal for int() with base 16: '0x'
invalid literal for int() with base 16: '0x'
invalid literal for int() with base 16: '0x'
invalid literal for int() with base 16: '0x'
invalid literal for int() with base 16: '0x'
invalid literal for int() with base 16: '0x'
invalid literal for int() with base 16: '0x'
invalid literal for int() with base 16: '0x'
invalid literal for int() with base 16: '0x'
invalid literal for int() with base 16: '0x'
invalid literal for int() with base 16: '0x'
invalid literal for int() with base 16: '0x'
invalid literal for int() with base 16: '0x'
invalid literal for int() with base 16: '0x'
invalid literal for int() with base 16: '0x'
invalid literal for int() with base 16: '0x'
invalid literal for int() with base 16: '0x'
invalid literal for int() with base 16: '0x'
invalid literal for int() with base 16: '0x'
invalid literal for int() with base 16: '0x'
invalid literal for int() with base 16: '0x'
invalid literal for int() with base 16: '0x'
invalid literal for int() with base 16: '0x'
invalid literal for int() with base 16: '0x'
invalid literal for int() with base 16: '0x'
invalid literal for int() with base 16: '0x'
invalid literal for int() with base 16: '0x'
invalid literal for int() with base 16: '0x'
invalid literal for int() with base 16: '0x'
invalid literal for int() with base 16: '0x'
invalid literal for int() with base 16: '0x'
invalid literal for int() with base 16: '0x'
invalid literal for int() with base 16: '0x'
invalid literal for int() with base 16: '0x'
invalid literal for int() with base 16: '0x'
invalid literal for int() with base 16: '0x'
invalid literal for int() with base 16: '0x'
invalid literal for int() with base 16: '0x'
invalid literal for int() with base 16: '0x'
invalid literal for int() with base 16: '0x'
invalid literal for int() with base 16: '0x'
invalid literal for int() with base 16: '0x'
invalid literal for int() with base 16: '0x'
invalid literal for int() with base 16: '0x'
invalid literal for int() with base 16: '0x'
invalid literal for int() with base 16: '0x'
invalid literal for int() with base 16: '0x'
invalid literal for int() with base 16: '0x'
invalid literal for int() with base 16: '0x'
invalid literal for int() with base 16: '0x'
invalid literal for int() with base 16: '0x'
invalid literal for int() with base 16: '0x'
invalid literal for int() with base 16: '0x'
invalid literal for int() with base 16: '0x'
invalid literal for int() with base 16: '0x'
invalid literal for int() with base 16: '0x'
invalid literal for int() with base 16: '0x'
invalid literal for int() with base 16: '0x'
invalid literal for int() with base 16: '0x'
invalid literal for int() with base 16: '0x'
invalid literal for int() with base 16: '0x'
invalid literal for int() with base 16: '0x'
invalid literal for int() with base 16: '0x'
invalid literal for int() with base 16: '0x'
invalid literal for int() with base 16: '0x'
invalid literal for int() with base 16: '0x'
invalid literal for int() with base 16: '0x'
invalid literal for int() with base 16: '0x'
invalid literal for int() with base 16: '0x'
invalid literal for int() with base 16: '0x'
invalid literal for int() with base 16: '0x'
invalid literal for int() with base 16: '0x'
invalid literal for int() with base 16: '0x'
invalid literal for int() with base 16: '0x'
invalid literal for int() with base 16: '0x'
invalid literal for int() with base 16: '0x'
invalid literal for int() with base 16: '0x'
invalid literal for int() with base 16: '0x'
invalid literal for int() with base 16: '0x'
invalid literal for int() with base 16: '0x'
invalid literal for int() with base 16: '0x'
invalid literal for int() with base 16: '0x'
invalid literal for int() with base 16: '0x'
invalid literal for int() with base 16: '0x'
invalid literal for int() with base 16: '0x'
invalid literal for int() with base 16: '0x'
invalid literal for int() with base 16: '0x'
invalid literal for int() with base 16: '0x'
invalid literal for int() with base 16: '0x'
invalid literal for int() with base 16: '0x'
invalid literal for int() with base 16: '0x'
invalid literal for int() with base 16: '0x'
invalid literal for int() with base 16: '0x'
invalid literal for int() with base 16: '0x'
invalid literal for int() with base 16: '0x'
invalid literal for int() with base 16: '0x'
invalid literal for int() with base 16: '0x'
invalid literal for int() with base 16: '0x'
invalid literal for int() with base 16: '0x'
invalid literal for int() with base 16: '0x'
invalid literal for int() with base 16: '0x'
invalid literal for int() with base 16: '0x'
invalid literal for int() with base 16: '0x'
invalid literal for int() with base 16: '0x'
invalid literal for int() with base 16: '0x'
invalid literal for int() with base 16: '0x'
invalid literal for int() with base 16: '0x'
invalid literal for int() with base 16: '0x'
invalid literal for int() with base 16: '0x'
invalid literal for int() with base 16: '0x'
invalid literal for int() with base 16: '0x'
invalid literal for int() with base 16: '0x'
invalid literal for int() with base 16: '0x'
invalid literal for int() with base 16: '0x'
invalid literal for int() with base 16: '0x'
invalid literal for int() with base 16: '0x'
invalid literal for int() with base 16: '0x'
invalid literal for int() with base 16: '0x'
invalid literal for int() with base 16: '0x'
invalid literal for int() with base 16: '0x'
invalid literal for int() with base 16: '0x'
invalid literal for int() with base 16: '0x'
invalid literal for int() with base 16: '0x'
invalid literal for int() with base 16: '0x'
invalid literal for int() with base 16: '0x'
invalid literal for int() with base 16: '0x'
invalid literal for int() with base 16: '0x'
[208, 254]
invalid literal for int() with base 16: '0x'
invalid literal for int() with base 16: '0x'
invalid literal for int() with base 16: '0x'
invalid literal for int() with base 16: '0x'
invalid literal for int() with base 16: '0x'
invalid literal for int() with base 16: '0x'
invalid literal for int() with base 16: '0x'
invalid literal for int() with base 16: '0x'
invalid literal for int() with base 16: '0x'
invalid literal for int() with base 16: '0x'
invalid literal for int() with base 16: '0x'
invalid literal for int() with base 16: '0x'
invalid literal for int() with base 16: '0x'
invalid literal for int() with base 16: '0x'
invalid literal for int() with base 16: '0x'
invalid literal for int() with base 16: '0x'
invalid literal for int() with base 16: '0x'
invalid literal for int() with base 16: '0x'
invalid literal for int() with base 16: '0x'
[0, 0]
invalid literal for int() with base 16: '0x'
invalid literal for int() with base 16: '0x'
invalid literal for int() with base 16: '0x'
invalid literal for int() with base 16: '0x'
invalid literal for int() with base 16: '0x'
invalid literal for int() with base 16: '0x'
invalid literal for int() with base 16: '0x'
invalid literal for int() with base 16: '0x'
invalid literal for int() with base 16: '0x'
invalid literal for int() with base 16: '0x'
invalid literal for int() with base 16: '0x'
invalid literal for int() with base 16: '0x'
invalid literal for int() with base 16: '0x'
invalid literal for int() with base 16: '0x'
invalid literal for int() with base 16: '0x'
invalid literal for int() with base 16: '0x'
invalid literal for int() with base 16: '0x'
invalid literal for int() with base 16: '0x'
invalid literal for int() with base 16: '0x'
invalid literal for int() with base 16: '0x'
invalid literal for int() with base 16: '0x'
invalid literal for int() with base 16: '0x'
invalid literal for int() with base 16: '0x'
invalid literal for int() with base 16: '0x'
invalid literal for int() with base 16: '0x'
invalid literal for int() with base 16: '0x'
invalid literal for int() with base 16: '0x'
invalid literal for int() with base 16: '0x'
invalid literal for int() with base 16: '0x'
invalid literal for int() with base 16: '0x'
invalid literal for int() with base 16: '0x'
invalid literal for int() with base 16: '0x'
invalid literal for int() with base 16: '0x'
invalid literal for int() with base 16: '0x'
invalid literal for int() with base 16: '0x'
invalid literal for int() with base 16: '0x'
invalid literal for int() with base 16: '0x'
invalid literal for int() with base 16: '0x'
invalid literal for int() with base 16: '0x'
invalid literal for int() with base 16: '0x'
invalid literal for int() with base 16: '0x'
invalid literal for int() with base 16: '0x'
invalid literal for int() with base 16: '0x'
invalid literal for int() with base 16: '0x'
invalid literal for int() with base 16: '0x'
invalid literal for int() with base 16: '0x'
invalid literal for int() with base 16: '0x'
invalid literal for int() with base 16: '0x'
invalid literal for int() with base 16: '0x'
invalid literal for int() with base 16: '0x'
invalid literal for int() with base 16: '0x'
invalid literal for int() with base 16: '0x'
invalid literal for int() with base 16: '0x'
invalid literal for int() with base 16: '0x'
invalid literal for int() with base 16: '0x'
invalid literal for int() with base 16: '0x'
invalid literal for int() with base 16: '0x'
invalid literal for int() with base 16: '0x'
invalid literal for int() with base 16: '0x'
invalid literal for int() with base 16: '0x'
invalid literal for int() with base 16: '0x'
invalid literal for int() with base 16: '0x'
invalid literal for int() with base 16: '0x'
invalid literal for int() with base 16: '0x'
invalid literal for int() with base 16: '0x'
invalid literal for int() with base 16: '0x'
invalid literal for int() with base 16: '0x'
invalid literal for int() with base 16: '0x'
invalid literal for int() with base 16: '0x'
invalid literal for int() with base 16: '0x'
invalid literal for int() with base 16: '0x'
invalid literal for int() with base 16: '0x'
invalid literal for int() with base 16: '0x'
invalid literal for int() with base 16: '0x'
invalid literal for int() with base 16: '0x'
invalid literal for int() with base 16: '0x'
invalid literal for int() with base 16: '0x'
invalid literal for int() with base 16: '0x'
invalid literal for int() with base 16: '0x'
invalid literal for int() with base 16: '0x'
invalid literal for int() with base 16: '0x'
invalid literal for int() with base 16: '0x'
invalid literal for int() with base 16: '0x'
invalid literal for int() with base 16: '0x'
invalid literal for int() with base 16: '0x'
invalid literal for int() with base 16: '0x'
invalid literal for int() with base 16: '0x'
invalid literal for int() with base 16: '0x'
invalid literal for int() with base 16: '0x'
invalid literal for int() with base 16: '0x'
invalid literal for int() with base 16: '0x'
invalid literal for int() with base 16: '0x'
invalid literal for int() with base 16: '0x'
invalid literal for int() with base 16: '0x'
invalid literal for int() with base 16: '0x'
invalid literal for int() with base 16: '0x'
invalid literal for int() with base 16: '0x'
invalid literal for int() with base 16: '0x'
invalid literal for int() with base 16: '0x'
invalid literal for int() with base 16: '0x'
invalid literal for int() with base 16: '0x'
invalid literal for int() with base 16: '0x'
invalid literal for int() with base 16: '0x'
invalid literal for int() with base 16: '0x'
invalid literal for int() with base 16: '0x'
invalid literal for int() with base 16: '0x'
invalid literal for int() with base 16: '0x'
invalid literal for int() with base 16: '0x'
invalid literal for int() with base 16: '0x'
invalid literal for int() with base 16: '0x'
invalid literal for int() with base 16: '0x'
invalid literal for int() with base 16: '0x'
invalid literal for int() with base 16: '0x'
[48, 1]
invalid literal for int() with base 16: '0x'
invalid literal for int() with base 16: '0x'
invalid literal for int() with base 16: '0x'
invalid literal for int() with base 16: '0x'
invalid literal for int() with base 16: '0x'
invalid literal for int() with base 16: '0x'
invalid literal for int() with base 16: '0x'
invalid literal for int() with base 16: '0x'
invalid literal for int() with base 16: '0x'
invalid literal for int() with base 16: '0x'
invalid literal for int() with base 16: '0x'
invalid literal for int() with base 16: '0x'
invalid literal for int() with base 16: '0x'
invalid literal for int() with base 16: '0x'
invalid literal for int() with base 16: '0x'
invalid literal for int() with base 16: '0x'
invalid literal for int() with base 16: '0x'
invalid literal for int() with base 16: '0x'
invalid literal for int() with base 16: '0x'
invalid literal for int() with base 16: '0x'
invalid literal for int() with base 16: '0x'
invalid literal for int() with base 16: '0x'
invalid literal for int() with base 16: '0x'
invalid literal for int() with base 16: '0x'
invalid literal for int() with base 16: '0x'
invalid literal for int() with base 16: '0x'
invalid literal for int() with base 16: '0x'
invalid literal for int() with base 16: '0x'
invalid literal for int() with base 16: '0x'
invalid literal for int() with base 16: '0x'
invalid literal for int() with base 16: '0x'
invalid literal for int() with base 16: '0x'
invalid literal for int() with base 16: '0x'
invalid literal for int() with base 16: '0x'
invalid literal for int() with base 16: '0x'
invalid literal for int() with base 16: '0x'
invalid literal for int() with base 16: '0x'
invalid literal for int() with base 16: '0x'
invalid literal for int() with base 16: '0x'
invalid literal for int() with base 16: '0x'
invalid literal for int() with base 16: '0x'
invalid literal for int() with base 16: '0x'
invalid literal for int() with base 16: '0x'
invalid literal for int() with base 16: '0x'
invalid literal for int() with base 16: '0x'
invalid literal for int() with base 16: '0x'
invalid literal for int() with base 16: '0x'
invalid literal for int() with base 16: '0x'
invalid literal for int() with base 16: '0x'
invalid literal for int() with base 16: '0x'
invalid literal for int() with base 16: '0x'
invalid literal for int() with base 16: '0x'
invalid literal for int() with base 16: '0x'
invalid literal for int() with base 16: '0x'
invalid literal for int() with base 16: '0x'
invalid literal for int() with base 16: '0x'
invalid literal for int() with base 16: '0x'
invalid literal for int() with base 16: '0x'
invalid literal for int() with base 16: '0x'
invalid literal for int() with base 16: '0x'
invalid literal for int() with base 16: '0x'
invalid literal for int() with base 16: '0x'
invalid literal for int() with base 16: '0x'
invalid literal for int() with base 16: '0x'
invalid literal for int() with base 16: '0x'
invalid literal for int() with base 16: '0x'
invalid literal for int() with base 16: '0x'
invalid literal for int() with base 16: '0x'
invalid literal for int() with base 16: '0x'
invalid literal for int() with base 16: '0x'
invalid literal for int() with base 16: '0x'
invalid literal for int() with base 16: '0x'
invalid literal for int() with base 16: '0x'
invalid literal for int() with base 16: '0x'
invalid literal for int() with base 16: '0x'
invalid literal for int() with base 16: '0x'
invalid literal for int() with base 16: '0x'
invalid literal for int() with base 16: '0x'
invalid literal for int() with base 16: '0x'
invalid literal for int() with base 16: '0x'
invalid literal for int() with base 16: '0x'
invalid literal for int() with base 16: '0x'
invalid literal for int() with base 16: '0x'
invalid literal for int() with base 16: '0x'
invalid literal for int() with base 16: '0x'
invalid literal for int() with base 16: '0x'
invalid literal for int() with base 16: '0x'
invalid literal for int() with base 16: '0x'
invalid literal for int() with base 16: '0x'
invalid literal for int() with base 16: '0x'
invalid literal for int() with base 16: '0x'
invalid literal for int() with base 16: '0x'
invalid literal for int() with base 16: '0x'
invalid literal for int() with base 16: '0x'
invalid literal for int() with base 16: '0x'
invalid literal for int() with base 16: '0x'
invalid literal for int() with base 16: '0x'
invalid literal for int() with base 16: '0x'
invalid literal for int() with base 16: '0x'
invalid literal for int() with base 16: '0x'
invalid literal for int() with base 16: '0x'
invalid literal for int() with base 16: '0x'
invalid literal for int() with base 16: '0x'
invalid literal for int() with base 16: '0x'
invalid literal for int() with base 16: '0x'
invalid literal for int() with base 16: '0x'
invalid literal for int() with base 16: '0x'
invalid literal for int() with base 16: '0x'
invalid literal for int() with base 16: '0x'
invalid literal for int() with base 16: '0x'
invalid literal for int() with base 16: '0x'
invalid literal for int() with base 16: '0x'
invalid literal for int() with base 16: '0x'
invalid literal for int() with base 16: '0x'
invalid literal for int() with base 16: '0x'
invalid literal for int() with base 16: '0x'
invalid literal for int() with base 16: '0x'
invalid literal for int() with base 16: '0x'
invalid literal for int() with base 16: '0x'
invalid literal for int() with base 16: '0x'
invalid literal for int() with base 16: '0x'
invalid literal for int() with base 16: '0x'
invalid literal for int() with base 16: '0x'
invalid literal for int() with base 16: '0x'
invalid literal for int() with base 16: '0x'
invalid literal for int() with base 16: '0x'
invalid literal for int() with base 16: '0x'
invalid literal for int() with base 16: '0x'
invalid literal for int() with base 16: '0x'
invalid literal for int() with base 16: '0x'
invalid literal for int() with base 16: '0x'
invalid literal for int() with base 16: '0x'
invalid literal for int() with base 16: '0x'
invalid literal for int() with base 16: '0x'
invalid literal for int() with base 16: '0x'
invalid literal for int() with base 16: '0x'
invalid literal for int() with base 16: '0x'
invalid literal for int() with base 16: '0x'
invalid literal for int() with base 16: '0x'
invalid literal for int() with base 16: '0x'
invalid literal for int() with base 16: '0x'
invalid literal for int() with base 16: '0x'
invalid literal for int() with base 16: '0x'
[0, 0]
invalid literal for int() with base 16: '0x'
invalid literal for int() with base 16: '0x'
invalid literal for int() with base 16: '0x'
invalid literal for int() with base 16: '0x'
invalid literal for int() with base 16: '0x'
invalid literal for int() with base 16: '0x'
invalid literal for int() with base 16: '0x'
invalid literal for int() with base 16: '0x'
invalid literal for int() with base 16: '0x'
invalid literal for int() with base 16: '0x'
invalid literal for int() with base 16: '0x'
invalid literal for int() with base 16: '0x'
invalid literal for int() with base 16: '0x'
invalid literal for int() with base 16: '0x'
invalid literal for int() with base 16: '0x'
invalid literal for int() with base 16: '0x'
invalid literal for int() with base 16: '0x'
invalid literal for int() with base 16: '0x'
invalid literal for int() with base 16: '0x'
invalid literal for int() with base 16: '0x'
invalid literal for int() with base 16: '0x'
invalid literal for int() with base 16: '0x'
invalid literal for int() with base 16: '0x'
invalid literal for int() with base 16: '0x'
invalid literal for int() with base 16: '0x'
invalid literal for int() with base 16: '0x'
invalid literal for int() with base 16: '0x'
invalid literal for int() with base 16: '0x'
invalid literal for int() with base 16: '0x'
invalid literal for int() with base 16: '0x'
invalid literal for int() with base 16: '0x'
invalid literal for int() with base 16: '0x'
invalid literal for int() with base 16: '0x'
invalid literal for int() with base 16: '0x'
invalid literal for int() with base 16: '0x'
invalid literal for int() with base 16: '0x'
invalid literal for int() with base 16: '0x'
invalid literal for int() with base 16: '0x'
invalid literal for int() with base 16: '0x'
invalid literal for int() with base 16: '0x'
invalid literal for int() with base 16: '0x'
invalid literal for int() with base 16: '0x'
invalid literal for int() with base 16: '0x'
invalid literal for int() with base 16: '0x'
invalid literal for int() with base 16: '0x'
invalid literal for int() with base 16: '0x'
invalid literal for int() with base 16: '0x'
invalid literal for int() with base 16: '0x'
invalid literal for int() with base 16: '0x'
invalid literal for int() with base 16: '0x'
invalid literal for int() with base 16: '0x'
invalid literal for int() with base 16: '0x'
invalid literal for int() with base 16: '0x'
invalid literal for int() with base 16: '0x'
invalid literal for int() with base 16: '0x'
invalid literal for int() with base 16: '0x'
invalid literal for int() with base 16: '0x'
invalid literal for int() with base 16: '0x'
invalid literal for int() with base 16: '0x'
invalid literal for int() with base 16: '0x'
invalid literal for int() with base 16: '0x'
invalid literal for int() with base 16: '0x'
invalid literal for int() with base 16: '0x'
invalid literal for int() with base 16: '0x'
invalid literal for int() with base 16: '0x'
invalid literal for int() with base 16: '0x'
invalid literal for int() with base 16: '0x'
invalid literal for int() with base 16: '0x'
invalid literal for int() with base 16: '0x'
invalid literal for int() with base 16: '0x'
invalid literal for int() with base 16: '0x'
invalid literal for int() with base 16: '0x'
invalid literal for int() with base 16: '0x'
invalid literal for int() with base 16: '0x'
invalid literal for int() with base 16: '0x'
invalid literal for int() with base 16: '0x'
invalid literal for int() with base 16: '0x'
invalid literal for int() with base 16: '0x'
invalid literal for int() with base 16: '0x'
invalid literal for int() with base 16: '0x'
invalid literal for int() with base 16: '0x'
invalid literal for int() with base 16: '0x'
invalid literal for int() with base 16: '0x'
invalid literal for int() with base 16: '0x'
invalid literal for int() with base 16: '0x'
invalid literal for int() with base 16: '0x'
invalid literal for int() with base 16: '0x'
invalid literal for int() with base 16: '0x'
invalid literal for int() with base 16: '0x'
invalid literal for int() with base 16: '0x'
invalid literal for int() with base 16: '0x'
invalid literal for int() with base 16: '0x'
invalid literal for int() with base 16: '0x'
invalid literal for int() with base 16: '0x'
invalid literal for int() with base 16: '0x'
invalid literal for int() with base 16: '0x'
invalid literal for int() with base 16: '0x'
invalid literal for int() with base 16: '0x'
invalid literal for int() with base 16: '0x'
invalid literal for int() with base 16: '0x'
invalid literal for int() with base 16: '0x'
invalid literal for int() with base 16: '0x'
invalid literal for int() with base 16: '0x'
invalid literal for int() with base 16: '0x'
invalid literal for int() with base 16: '0x'
invalid literal for int() with base 16: '0x'
invalid literal for int() with base 16: '0x'
invalid literal for int() with base 16: '0x'
invalid literal for int() with base 16: '0x'
invalid literal for int() with base 16: '0x'
invalid literal for int() with base 16: '0x'
invalid literal for int() with base 16: '0x'
invalid literal for int() with base 16: '0x'
invalid literal for int() with base 16: '0x'
invalid literal for int() with base 16: '0x'
invalid literal for int() with base 16: '0x'
invalid literal for int() with base 16: '0x'
invalid literal for int() with base 16: '0x'
invalid literal for int() with base 16: '0x'
invalid literal for int() with base 16: '0x'
invalid literal for int() with base 16: '0x'
invalid literal for int() with base 16: '0x'
invalid literal for int() with base 16: '0x'
invalid literal for int() with base 16: '0x'
invalid literal for int() with base 16: '0x'
invalid literal for int() with base 16: '0x'
invalid literal for int() with base 16: '0x'
invalid literal for int() with base 16: '0x'
invalid literal for int() with base 16: '0x'
invalid literal for int() with base 16: '0x'
invalid literal for int() with base 16: '0x'
invalid literal for int() with base 16: '0x'
invalid literal for int() with base 16: '0x'
invalid literal for int() with base 16: '0x'
invalid literal for int() with base 16: '0x'
invalid literal for int() with base 16: '0x'
invalid literal for int() with base 16: '0x'
invalid literal for int() with base 16: '0x'
invalid literal for int() with base 16: '0x'
invalid literal for int() with base 16: '0x'
invalid literal for int() with base 16: '0x'
invalid literal for int() with base 16: '0x'
invalid literal for int() with base 16: '0x'
invalid literal for int() with base 16: '0x'
invalid literal for int() with base 16: '0x'
invalid literal for int() with base 16: '0x'
invalid literal for int() with base 16: '0x'
invalid literal for int() with base 16: '0x'
invalid literal for int() with base 16: '0x'
invalid literal for int() with base 16: '0x'
invalid literal for int() with base 16: '0x'
invalid literal for int() with base 16: '0x'
invalid literal for int() with base 16: '0x'
invalid literal for int() with base 16: '0x'
invalid literal for int() with base 16: '0x'
invalid literal for int() with base 16: '0x'
invalid literal for int() with base 16: '0x'
invalid literal for int() with base 16: '0x'
invalid literal for int() with base 16: '0x'
invalid literal for int() with base 16: '0x'
invalid literal for int() with base 16: '0x'
invalid literal for int() with base 16: '0x'
invalid literal for int() with base 16: '0x'
invalid literal for int() with base 16: '0x'
invalid literal for int() with base 16: '0x'
invalid literal for int() with base 16: '0x'
invalid literal for int() with base 16: '0x'
invalid literal for int() with base 16: '0x'
invalid literal for int() with base 16: '0x'
invalid literal for int() with base 16: '0x'
invalid literal for int() with base 16: '0x'
invalid literal for int() with base 16: '0x'
invalid literal for int() with base 16: '0x'
invalid literal for int() with base 16: '0x'
invalid literal for int() with base 16: '0x'
invalid literal for int() with base 16: '0x'
invalid literal for int() with base 16: '0x'
invalid literal for int() with base 16: '0x'
invalid literal for int() with base 16: '0x'
invalid literal for int() with base 16: '0x'
invalid literal for int() with base 16: '0x'
invalid literal for int() with base 16: '0x'
invalid literal for int() with base 16: '0x'
invalid literal for int() with base 16: '0x'
invalid literal for int() with base 16: '0x'
invalid literal for int() with base 16: '0x'
invalid literal for int() with base 16: '0x'
invalid literal for int() with base 16: '0x'
invalid literal for int() with base 16: '0x'
invalid literal for int() with base 16: '0x'
invalid literal for int() with base 16: '0x'
invalid literal for int() with base 16: '0x'
invalid literal for int() with base 16: '0x'
invalid literal for int() with base 16: '0x'
invalid literal for int() with base 16: '0x'
invalid literal for int() with base 16: '0x'
invalid literal for int() with base 16: '0x'
invalid literal for int() with base 16: '0x'
invalid literal for int() with base 16: '0x'
invalid literal for int() with base 16: '0x'
invalid literal for int() with base 16: '0x'
invalid literal for int() with base 16: '0x'
invalid literal for int() with base 16: '0x'